<?xml version="1.0" encoding="UTF-8"?>
<testng-results skipped="0" failed="0" total="1" passed="1">
  <reporter-output>
  </reporter-output>
  <suite name="Command line suite" duration-ms="13" started-at="2014-08-06T10:13:31Z" finished-at="2014-08-06T10:13:31Z">
    <groups>
    </groups>
    <test name="Command line test" duration-ms="13" started-at="2014-08-06T10:13:31Z" finished-at="2014-08-06T10:13:31Z">
      <class name="Persistent.GUI_automation.AppTest">
        <test-method status="PASS" signature="testApp()[pri:0, instance:testApp(Persistent.GUI_automation.AppTest)]" name="testApp" duration-ms="2" started-at="2014-08-06T15:43:31Z" finished-at="2014-08-06T15:43:31Z">
          <reporter-output>
          </reporter-output>
        </test-method> <!-- testApp -->
      </class> <!-- Persistent.GUI_automation.AppTest -->
    </test> <!-- Command line test -->
  </suite> <!-- Command line suite -->
</testng-results>
