<?xml version="1.0" encoding="UTF-8"?>
<testng-results skipped="0" failed="0" total="1" passed="1">
  <reporter-output>
  </reporter-output>
  <suite name="Command line suite" duration-ms="9070" started-at="2014-08-06T10:13:22Z" finished-at="2014-08-06T10:13:31Z">
    <groups>
    </groups>
    <test name="Command line test" duration-ms="9070" started-at="2014-08-06T10:13:22Z" finished-at="2014-08-06T10:13:31Z">
      <class name="Persistent.GUI_automation.NewTest">
        <test-method status="PASS" signature="setUp()[pri:0, instance:Persistent.GUI_automation.NewTest@6c833a2d]" name="setUp" is-config="true" duration-ms="7117" started-at="2014-08-06T15:43:22Z" finished-at="2014-08-06T15:43:29Z">
          <reporter-output>
          </reporter-output>
        </test-method> <!-- setUp -->
        <test-method status="PASS" signature="firstTest()[pri:0, instance:Persistent.GUI_automation.NewTest@6c833a2d]" name="firstTest" duration-ms="1810" started-at="2014-08-06T15:43:29Z" description="testing login function" finished-at="2014-08-06T15:43:31Z">
          <reporter-output>
          </reporter-output>
        </test-method> <!-- firstTest -->
        <test-method status="PASS" signature="tearDown()[pri:0, instance:Persistent.GUI_automation.NewTest@6c833a2d]" name="tearDown" is-config="true" duration-ms="113" started-at="2014-08-06T15:43:31Z" finished-at="2014-08-06T15:43:31Z">
          <reporter-output>
          </reporter-output>
        </test-method> <!-- tearDown -->
      </class> <!-- Persistent.GUI_automation.NewTest -->
    </test> <!-- Command line test -->
  </suite> <!-- Command line suite -->
</testng-results>
