<?xml version="1.0" encoding="UTF-8"?>
<testng-results skipped="0" failed="0" total="1" passed="1">
  <reporter-output>
  </reporter-output>
  <suite name="Command line suite" duration-ms="5342" started-at="2014-08-05T07:04:07Z" finished-at="2014-08-05T07:04:13Z">
    <groups>
    </groups>
    <test name="Command line test" duration-ms="5342" started-at="2014-08-05T07:04:07Z" finished-at="2014-08-05T07:04:13Z">
      <class name="Persistent.GUI_automation.NewTest">
        <test-method status="PASS" signature="setUp()[pri:0, instance:Persistent.GUI_automation.NewTest@16374a56]" name="setUp" is-config="true" duration-ms="3673" started-at="2014-08-05T12:34:07Z" finished-at="2014-08-05T12:34:11Z">
          <reporter-output>
          </reporter-output>
        </test-method> <!-- setUp -->
        <test-method status="PASS" signature="firstTest()[pri:0, instance:Persistent.GUI_automation.NewTest@16374a56]" name="firstTest" duration-ms="1520" started-at="2014-08-05T12:34:11Z" description="testing login function" finished-at="2014-08-05T12:34:13Z">
          <reporter-output>
          </reporter-output>
        </test-method> <!-- firstTest -->
        <test-method status="PASS" signature="tearDown()[pri:0, instance:Persistent.GUI_automation.NewTest@16374a56]" name="tearDown" is-config="true" duration-ms="137" started-at="2014-08-05T12:34:13Z" finished-at="2014-08-05T12:34:13Z">
          <reporter-output>
          </reporter-output>
        </test-method> <!-- tearDown -->
      </class> <!-- Persistent.GUI_automation.NewTest -->
    </test> <!-- Command line test -->
  </suite> <!-- Command line suite -->
</testng-results>
