<?xml version="1.0" encoding="UTF-8"?>
<testng-results skipped="0" failed="0" total="1" passed="1">
  <reporter-output>
  </reporter-output>
  <suite name="Suite" duration-ms="22701" started-at="2014-08-06T10:11:34Z" finished-at="2014-08-06T10:11:57Z">
    <groups>
    </groups>
    <test name="Test Case 01" duration-ms="22701" started-at="2014-08-06T10:11:34Z" finished-at="2014-08-06T10:11:57Z">
      <class name="Persistent.GUI_automation.Config_Class">
        <test-method status="PASS" signature="first()[pri:0, instance:Persistent.GUI_automation.Config_Class@6e1f8f]" name="first" duration-ms="22678" started-at="2014-08-06T15:41:34Z" finished-at="2014-08-06T15:41:57Z">
          <reporter-output>
          </reporter-output>
        </test-method> <!-- first -->
      </class> <!-- Persistent.GUI_automation.Config_Class -->
    </test> <!-- Test Case 01 -->
  </suite> <!-- Suite -->
</testng-results>
